<?xml version="1.0" encoding="UTF-8"?>
<!-- Generated by org.testng.reporters.JUnitReportReporter -->
<testsuite hostname="CBT-077" name="First_Mobile.Price_Raja_App.Test.FirstPageTest" tests="1" failures="0" timestamp="29 Dec 2015 10:49:23 GMT" time="51.319" errors="0">
  <testcase name="FirstTest" time="51.319" classname="First_Mobile.Price_Raja_App.Test.FirstPageTest"/>
</testsuite> <!-- First_Mobile.Price_Raja_App.Test.FirstPageTest -->
