<?xml version="1.0" encoding="UTF-8"?>
<!-- Generated by org.testng.reporters.JUnitReportReporter -->
<testsuite hostname="TYSS" name="First_Mobile.Price_Raja_App.Test.FirstPageTest" tests="1" failures="0" timestamp="22 Dec 2015 12:44:47 GMT" time="17.508" errors="0">
  <testcase name="FirstTest" time="17.508" classname="First_Mobile.Price_Raja_App.Test.FirstPageTest"/>
</testsuite> <!-- First_Mobile.Price_Raja_App.Test.FirstPageTest -->
